<?xml version="1.0" encoding="UTF-8"?>
<testsuite name="[19] org.eclipse.sensinact.gateway.core.geo-json.model.test;1.0.0.202411291233-SNAPSHOT" tests="1" skipped="0" failures="0" errors="0" time="0.112" hostname="Groundzero" timestamp="2024-11-29T13:33:44">
<properties>
[...]
</properties>
<testcase name="test(ResourceSet)" classname="org.eclipse.sensinact.gateway.core.geo_json.model.test.ExampleTest" time="0.069">
<system-out><![CDATA[Running Test
{
  "type" : "Point",
  "bbox" : [ ]
}]]></system-out>
</testcase>
</testsuite>
