<?xml version="1.0" encoding="UTF-8"?>
<testsuite name="[17] org.gecko.codec.mongo.test;1.0.0.202407231336-SNAPSHOT" tests="1" skipped="0" failures="0" errors="0" time="0.718" hostname="ilenia-XPS-15-9520" timestamp="2024-07-23T15:36:40">
<properties>
[...]
</properties>
<testcase name="testCreateContainmentSingle()" classname="org.gecko.codec.mongo.test.MongoTest" time="0.427">
<system-out><![CDATA[Dropping DB
currentTypeDOCUMENT
start document
currentTypeOBJECT_ID
_id=get codec
currentTypeOBJECT_ID
669fb1e77f30c401a403651e
get text chars 669fb1e77f30c401a403651e
get text 669fb1e77f30c401a403651e
get text offset
get text length
get text 669fb1e77f30c401a403651e
currentTypeSTRING
_type=currentTypeSTRING
http://gecko.org/example/model/basic#//Person
get text http://gecko.org/example/model/basic#//Person
currentTypeSTRING
firstName=currentTypeSTRING
Mark
get text Mark
currentTypeSTRING
lastName=currentTypeSTRING
Hoffmann
get text Hoffmann
currentTypeARRAY
contact=currentTypeARRAY
start array
currentTypeDOCUMENT
start document
currentTypeSTRING
type=get codec
currentTypeSTRING
Skype
get text chars Skype
get text Skype
get text offset
get text length
get text Skype
currentTypeSTRING
value=currentTypeSTRING
charles-brown
get text chars charles-brown
get text charles-brown
get text offset
get text length
get text charles-brown
currentTypeSTRING
context=currentTypeSTRING
PRIVATE
get text chars PRIVATE
get text PRIVATE
get text offset
get text length
get text PRIVATE
currentTypeEND_OF_DOCUMENT
end document
currentTypeDOCUMENT
start document
currentTypeSTRING
type=get codec
currentTypeSTRING
Email
get text chars Email
get text Email
get text offset
get text length
get text Email
currentTypeSTRING
value=currentTypeSTRING
mark.hoffmann@tests.de
get text chars mark.hoffmann@tests.de
get text mark.hoffmann@tests.de
get text offset
get text length
get text mark.hoffmann@tests.de
currentTypeSTRING
context=currentTypeSTRING
WORK
get text chars WORK
get text WORK
get text offset
get text length
get text WORK
currentTypeEND_OF_DOCUMENT
end document
currentTypeEND_OF_DOCUMENT
end array
currentTypeSTRING
gender=currentTypeSTRING
MALE
get text MALE
currentTypeEND_OF_DOCUMENT
end document
close input
]]></system-out>
<system-err><![CDATA[Jul 23, 2024 3:36:39 PM com.mongodb.diagnostics.logging.JULLogger log
INFO: Opened connection [connectionId{localValue:2, serverValue:2}] to localhost:27017
]]></system-err>
</testcase>
</testsuite>
